[0.244s] DEBUG:colcon:Command line arguments: ['/usr/bin/colcon', 'list', '-p', '--base-paths', '/home/makeme/ur10_gazebo_ros_control2']
[0.244s] DEBUG:colcon:Parsed command line arguments: Namespace(base_paths=['/home/makeme/ur10_gazebo_ros_control2'], build_base='build', ignore_user_meta=False, log_base=None, log_level=None, main=<bound method ListVerb.main of <colcon_package_information.verb.list.ListVerb object at 0x7f00c78b08b0>>, metas=['./colcon.meta'], names_only=False, packages_above=None, packages_above_and_dependencies=None, packages_above_depth=None, packages_end=None, packages_ignore=None, packages_ignore_regex=None, packages_select=None, packages_select_build_failed=False, packages_select_by_dep=None, packages_select_regex=None, packages_select_test_failures=False, packages_skip=None, packages_skip_build_finished=False, packages_skip_by_dep=None, packages_skip_regex=None, packages_skip_test_passed=False, packages_skip_up_to=None, packages_start=None, packages_up_to=None, packages_up_to_regex=None, paths=None, paths_only=True, topological_graph=False, topological_graph_density=False, topological_graph_dot=False, topological_graph_dot_cluster=False, topological_graph_dot_include_skipped=False, topological_graph_legend=False, topological_order=False, verb_extension=<colcon_package_information.verb.list.ListVerb object at 0x7f00c78b08b0>, verb_name='list', verb_parser=<colcon_defaults.argument_parser.defaults.DefaultArgumentsDecorator object at 0x7f00c77e1310>)
[0.265s] Level 1:colcon.colcon_core.package_discovery:discover_packages(colcon_meta) check parameters
[0.265s] Level 1:colcon.colcon_core.package_discovery:discover_packages(recursive) check parameters
[0.265s] Level 1:colcon.colcon_core.package_discovery:discover_packages(ignore) check parameters
[0.266s] Level 1:colcon.colcon_core.package_discovery:discover_packages(path) check parameters
[0.266s] Level 1:colcon.colcon_core.package_discovery:discover_packages(recursive) discover
[0.266s] INFO:colcon.colcon_core.package_discovery:Crawling recursively for packages in '/home/makeme/ur10_gazebo_ros_control2'
[0.266s] Level 1:colcon.colcon_core.package_identification:_identify(/home/makeme/ur10_gazebo_ros_control2) by extensions ['ignore', 'ignore_ament_install']
[0.266s] Level 1:colcon.colcon_core.package_identification:_identify(/home/makeme/ur10_gazebo_ros_control2) by extension 'ignore'
[0.266s] Level 1:colcon.colcon_core.package_identification:_identify(/home/makeme/ur10_gazebo_ros_control2) by extension 'ignore_ament_install'
[0.266s] Level 1:colcon.colcon_core.package_identification:_identify(/home/makeme/ur10_gazebo_ros_control2) by extensions ['colcon_pkg']
[0.266s] Level 1:colcon.colcon_core.package_identification:_identify(/home/makeme/ur10_gazebo_ros_control2) by extension 'colcon_pkg'
[0.266s] Level 1:colcon.colcon_core.package_identification:_identify(/home/makeme/ur10_gazebo_ros_control2) by extensions ['colcon_meta']
[0.266s] Level 1:colcon.colcon_core.package_identification:_identify(/home/makeme/ur10_gazebo_ros_control2) by extension 'colcon_meta'
[0.266s] Level 1:colcon.colcon_core.package_identification:_identify(/home/makeme/ur10_gazebo_ros_control2) by extensions ['ros']
[0.266s] Level 1:colcon.colcon_core.package_identification:_identify(/home/makeme/ur10_gazebo_ros_control2) by extension 'ros'
[0.277s] Level 1:colcon.colcon_core.package_identification:_identify(/home/makeme/ur10_gazebo_ros_control2) by extensions ['cmake', 'python']
[0.277s] Level 1:colcon.colcon_core.package_identification:_identify(/home/makeme/ur10_gazebo_ros_control2) by extension 'cmake'
[0.277s] Level 1:colcon.colcon_core.package_identification:_identify(/home/makeme/ur10_gazebo_ros_control2) by extension 'python'
[0.277s] Level 1:colcon.colcon_core.package_identification:_identify(/home/makeme/ur10_gazebo_ros_control2) by extensions ['python_setup_py']
[0.277s] Level 1:colcon.colcon_core.package_identification:_identify(/home/makeme/ur10_gazebo_ros_control2) by extension 'python_setup_py'
[0.277s] Level 1:colcon.colcon_core.package_identification:_identify(/home/makeme/ur10_gazebo_ros_control2/log) by extensions ['ignore', 'ignore_ament_install']
[0.278s] Level 1:colcon.colcon_core.package_identification:_identify(/home/makeme/ur10_gazebo_ros_control2/log) by extension 'ignore'
[0.278s] Level 1:colcon.colcon_core.package_identification:_identify(/home/makeme/ur10_gazebo_ros_control2/log) ignored
[0.278s] Level 1:colcon.colcon_core.package_identification:_identify(/home/makeme/ur10_gazebo_ros_control2/ur10_description) by extensions ['ignore', 'ignore_ament_install']
[0.278s] Level 1:colcon.colcon_core.package_identification:_identify(/home/makeme/ur10_gazebo_ros_control2/ur10_description) by extension 'ignore'
[0.278s] Level 1:colcon.colcon_core.package_identification:_identify(/home/makeme/ur10_gazebo_ros_control2/ur10_description) by extension 'ignore_ament_install'
[0.278s] Level 1:colcon.colcon_core.package_identification:_identify(/home/makeme/ur10_gazebo_ros_control2/ur10_description) by extensions ['colcon_pkg']
[0.278s] Level 1:colcon.colcon_core.package_identification:_identify(/home/makeme/ur10_gazebo_ros_control2/ur10_description) by extension 'colcon_pkg'
[0.278s] Level 1:colcon.colcon_core.package_identification:_identify(/home/makeme/ur10_gazebo_ros_control2/ur10_description) by extensions ['colcon_meta']
[0.278s] Level 1:colcon.colcon_core.package_identification:_identify(/home/makeme/ur10_gazebo_ros_control2/ur10_description) by extension 'colcon_meta'
[0.278s] Level 1:colcon.colcon_core.package_identification:_identify(/home/makeme/ur10_gazebo_ros_control2/ur10_description) by extensions ['ros']
[0.278s] Level 1:colcon.colcon_core.package_identification:_identify(/home/makeme/ur10_gazebo_ros_control2/ur10_description) by extension 'ros'
[0.280s] DEBUG:colcon.colcon_core.package_identification:Package '/home/makeme/ur10_gazebo_ros_control2/ur10_description' with type 'ros.ament_cmake' and name 'ur10_description'
[0.280s] Level 1:colcon.colcon_core.package_identification:_identify(/home/makeme/ur10_gazebo_ros_control2/ur10_gazebo) by extensions ['ignore', 'ignore_ament_install']
[0.280s] Level 1:colcon.colcon_core.package_identification:_identify(/home/makeme/ur10_gazebo_ros_control2/ur10_gazebo) by extension 'ignore'
[0.280s] Level 1:colcon.colcon_core.package_identification:_identify(/home/makeme/ur10_gazebo_ros_control2/ur10_gazebo) by extension 'ignore_ament_install'
[0.280s] Level 1:colcon.colcon_core.package_identification:_identify(/home/makeme/ur10_gazebo_ros_control2/ur10_gazebo) by extensions ['colcon_pkg']
[0.280s] Level 1:colcon.colcon_core.package_identification:_identify(/home/makeme/ur10_gazebo_ros_control2/ur10_gazebo) by extension 'colcon_pkg'
[0.280s] Level 1:colcon.colcon_core.package_identification:_identify(/home/makeme/ur10_gazebo_ros_control2/ur10_gazebo) by extensions ['colcon_meta']
[0.280s] Level 1:colcon.colcon_core.package_identification:_identify(/home/makeme/ur10_gazebo_ros_control2/ur10_gazebo) by extension 'colcon_meta'
[0.280s] Level 1:colcon.colcon_core.package_identification:_identify(/home/makeme/ur10_gazebo_ros_control2/ur10_gazebo) by extensions ['ros']
[0.280s] Level 1:colcon.colcon_core.package_identification:_identify(/home/makeme/ur10_gazebo_ros_control2/ur10_gazebo) by extension 'ros'
[0.281s] DEBUG:colcon.colcon_core.package_identification:Package '/home/makeme/ur10_gazebo_ros_control2/ur10_gazebo' with type 'ros.ament_cmake' and name 'ur10_gazebo'
[0.281s] Level 1:colcon.colcon_core.package_identification:_identify(/home/makeme/ur10_gazebo_ros_control2/ur10_moveit_config) by extensions ['ignore', 'ignore_ament_install']
[0.281s] Level 1:colcon.colcon_core.package_identification:_identify(/home/makeme/ur10_gazebo_ros_control2/ur10_moveit_config) by extension 'ignore'
[0.281s] Level 1:colcon.colcon_core.package_identification:_identify(/home/makeme/ur10_gazebo_ros_control2/ur10_moveit_config) by extension 'ignore_ament_install'
[0.281s] Level 1:colcon.colcon_core.package_identification:_identify(/home/makeme/ur10_gazebo_ros_control2/ur10_moveit_config) by extensions ['colcon_pkg']
[0.281s] Level 1:colcon.colcon_core.package_identification:_identify(/home/makeme/ur10_gazebo_ros_control2/ur10_moveit_config) by extension 'colcon_pkg'
[0.281s] Level 1:colcon.colcon_core.package_identification:_identify(/home/makeme/ur10_gazebo_ros_control2/ur10_moveit_config) by extensions ['colcon_meta']
[0.281s] Level 1:colcon.colcon_core.package_identification:_identify(/home/makeme/ur10_gazebo_ros_control2/ur10_moveit_config) by extension 'colcon_meta'
[0.281s] Level 1:colcon.colcon_core.package_identification:_identify(/home/makeme/ur10_gazebo_ros_control2/ur10_moveit_config) by extensions ['ros']
[0.281s] Level 1:colcon.colcon_core.package_identification:_identify(/home/makeme/ur10_gazebo_ros_control2/ur10_moveit_config) by extension 'ros'
[0.282s] DEBUG:colcon.colcon_core.package_identification:Package '/home/makeme/ur10_gazebo_ros_control2/ur10_moveit_config' with type 'ros.ament_cmake' and name 'ur10_moveit_config'
[0.282s] Level 1:colcon.colcon_core.package_identification:_identify(/home/makeme/ur10_gazebo_ros_control2/ur10_moveit_demo_nodes) by extensions ['ignore', 'ignore_ament_install']
[0.282s] Level 1:colcon.colcon_core.package_identification:_identify(/home/makeme/ur10_gazebo_ros_control2/ur10_moveit_demo_nodes) by extension 'ignore'
[0.282s] Level 1:colcon.colcon_core.package_identification:_identify(/home/makeme/ur10_gazebo_ros_control2/ur10_moveit_demo_nodes) by extension 'ignore_ament_install'
[0.282s] Level 1:colcon.colcon_core.package_identification:_identify(/home/makeme/ur10_gazebo_ros_control2/ur10_moveit_demo_nodes) by extensions ['colcon_pkg']
[0.282s] Level 1:colcon.colcon_core.package_identification:_identify(/home/makeme/ur10_gazebo_ros_control2/ur10_moveit_demo_nodes) by extension 'colcon_pkg'
[0.282s] Level 1:colcon.colcon_core.package_identification:_identify(/home/makeme/ur10_gazebo_ros_control2/ur10_moveit_demo_nodes) by extensions ['colcon_meta']
[0.282s] Level 1:colcon.colcon_core.package_identification:_identify(/home/makeme/ur10_gazebo_ros_control2/ur10_moveit_demo_nodes) by extension 'colcon_meta'
[0.282s] Level 1:colcon.colcon_core.package_identification:_identify(/home/makeme/ur10_gazebo_ros_control2/ur10_moveit_demo_nodes) by extensions ['ros']
[0.282s] Level 1:colcon.colcon_core.package_identification:_identify(/home/makeme/ur10_gazebo_ros_control2/ur10_moveit_demo_nodes) by extension 'ros'
[0.283s] DEBUG:colcon.colcon_core.package_identification:Package '/home/makeme/ur10_gazebo_ros_control2/ur10_moveit_demo_nodes' with type 'ros.ament_cmake' and name 'ur10_moveit_demo_nodes'
[0.283s] Level 1:colcon.colcon_core.package_discovery:discover_packages(recursive) using defaults
